29.01.2024 20:16:58	This log contains information about the import schema operation into project 'Database' on computer 'NOX' by user 'Kajeb'.
29.01.2024 20:16:59	Import of database schema has started.
29.01.2024 20:17:01	Gathering database credentials
29.01.2024 20:17:01	Gathering database options
29.01.2024 20:17:01	Gathering generic database scoped configuration option
29.01.2024 20:17:01	Gathering users
29.01.2024 20:17:01	Gathering roles
29.01.2024 20:17:01	Gathering application roles
29.01.2024 20:17:01	Gathering role memberships
29.01.2024 20:17:01	Gathering filegroups
29.01.2024 20:17:01	Gathering files
29.01.2024 20:17:01	Gathering full-text catalogs
29.01.2024 20:17:01	Gathering assemblies
29.01.2024 20:17:01	Gathering certificates
29.01.2024 20:17:01	Gathering asymmetric keys
29.01.2024 20:17:01	Gathering symmetric keys
29.01.2024 20:17:01	Gathering encrypted symmetric keys
29.01.2024 20:17:01	Gathering database encryption keys
29.01.2024 20:17:01	Gathering schemas
29.01.2024 20:17:01	Gathering XML schema collections
29.01.2024 20:17:01	Gathering user-defined data types
29.01.2024 20:17:01	Gathering user-defined types
29.01.2024 20:17:01	Gathering table types
29.01.2024 20:17:01	Gathering unique keys for table types
29.01.2024 20:17:02	Gathering primary keys for table types
29.01.2024 20:17:02	Gathering indexes for table types
29.01.2024 20:17:02	Gathering check constraints for table types
29.01.2024 20:17:02	Gathering default constraints for table types
29.01.2024 20:17:02	Gathering partition functions
29.01.2024 20:17:02	Gathering partition schemes
29.01.2024 20:17:02	Gathering functions
29.01.2024 20:17:02	Gathering encrypted functions
29.01.2024 20:17:02	Gathering aggregates
29.01.2024 20:17:02	Gathering procedures
29.01.2024 20:17:02	Gathering encrypted procedures
29.01.2024 20:17:02	Gathering tables
29.01.2024 20:17:02	Gathering primary keys
29.01.2024 20:17:02	Gathering unique constraints
29.01.2024 20:17:02	Gathering foreign keys
29.01.2024 20:17:02	Gathering default constraints
29.01.2024 20:17:02	Gathering check constraints
29.01.2024 20:17:02	Gathering views
29.01.2024 20:17:02	Gathering encrypted views
29.01.2024 20:17:02	Gathering indexes
29.01.2024 20:17:02	Gathering statistics
29.01.2024 20:17:02	Gathering full-text index stoplists
29.01.2024 20:17:02	Gathering search property lists
29.01.2024 20:17:02	Gathering search properties
29.01.2024 20:17:02	Gathering full-text indexes
29.01.2024 20:17:02	Gathering column store indexes
29.01.2024 20:17:02	Gathering spatial indexes
29.01.2024 20:17:02	Gathering XML indexes
29.01.2024 20:17:02	Gathering Selective XML indexes
29.01.2024 20:17:02	Gathering encrypted triggers
29.01.2024 20:17:02	Gathering triggers
29.01.2024 20:17:02	Gathering encrypted and clr ddl triggers
29.01.2024 20:17:02	Gathering ddl triggers
29.01.2024 20:17:02	Creating edge constraints
29.01.2024 20:17:02	Gathering synonyms
29.01.2024 20:17:02	Gathering defaults
29.01.2024 20:17:02	Gathering data constraint uddt bindings
29.01.2024 20:17:02	Gathering rules
29.01.2024 20:17:02	Gathering data constraint uddt bindings
29.01.2024 20:17:02	Gathering message types
29.01.2024 20:17:02	Gathering queues
29.01.2024 20:17:02	Gathering contracts
29.01.2024 20:17:02	Gathering services
29.01.2024 20:17:02	Gathering routes
29.01.2024 20:17:02	Gathering event notifications
29.01.2024 20:17:02	Gathering remote service bindings
29.01.2024 20:17:02	Gathering broker priorities
29.01.2024 20:17:02	Gathering database audit specifications
29.01.2024 20:17:02	Gathering signatures
29.01.2024 20:17:02	Gathering compression options
29.01.2024 20:17:02	Gathering sequence types
29.01.2024 20:17:02	Gathering security policies
29.01.2024 20:17:02	Gather column encryption keys
29.01.2024 20:17:02	Gathering column master keys
29.01.2024 20:17:02	Gathering external data sources
29.01.2024 20:17:02	Gathering external file formats
29.01.2024 20:17:02	Gathering external tables
29.01.2024 20:17:02	Gathering extended properties
29.01.2024 20:17:03	Gathering assemblies
29.01.2024 20:17:03	Scanning project for duplicate elements
29.01.2024 20:17:03	Finished duplicate element processing
29.01.2024 20:17:10	Finished importing database.
29.01.2024 20:17:10	A summary of the import was saved to the following location: C:\Users\Kajeb\source\repos\ProjektAplikacjaBudowlanka\Database\Import Schema Logs\Database_20240129071658.log
29.01.2024 20:17:10	Click Finish to continue...
